<?xml version="1.0" encoding="UTF-8"?>
<!-- Generated by org.testng.reporters.JUnitReportReporter -->
<testsuite skipped="0" hostname="DESKTOP-OCUP4UH" name="testCases.TestCases" tests="1" failures="0" timestamp="2022-03-14T16:05:07 BDT" time="30.158" errors="0">
  <testcase name="landingPage" time="30.158" classname="testCases.TestCases"/>
  <system-out/>
</testsuite> <!-- testCases.TestCases -->
